{"/Users/rodrigoreis/Documents/places-api/src/services/PlacesService.ts": {"path":"/Users/rodrigoreis/Documents/places-api/src/services/PlacesService.ts","statementMap":{"0":{"start":{"line":1,"column":0},"end":{"line":1,"column":45}},"1":{"start":{"line":5,"column":4},"end":{"line":7,"column":null}},"2":{"start":{"line":6,"column":6},"end":{"line":6,"column":73}},"3":{"start":{"line":8,"column":4},"end":{"line":8,"column":52}},"4":{"start":{"line":11,"column":4},"end":{"line":11,"column":42}},"5":{"start":{"line":15,"column":0},"end":{"line":15,"column":29}}},"fnMap":{"0":{"name":"(anonymous_0)","decl":{"start":{"line":4,"column":2},"end":{"line":4,"column":7}},"loc":{"start":{"line":4,"column":42},"end":{"line":9,"column":3}}},"1":{"name":"(anonymous_1)","decl":{"start":{"line":10,"column":2},"end":{"line":10,"column":7}},"loc":{"start":{"line":10,"column":31},"end":{"line":12,"column":3}}}},"branchMap":{"0":{"loc":{"start":{"line":5,"column":4},"end":{"line":7,"column":null}},"type":"if","locations":[{"start":{"line":5,"column":4},"end":{"line":7,"column":null}},{"start":{"line":5,"column":4},"end":{"line":7,"column":null}}]},"1":{"loc":{"start":{"line":5,"column":10},"end":{"line":5,"column":15}},"type":"binary-expr","locations":[{"start":{"line":5,"column":10},"end":{"line":5,"column":15}},{"start":{"line":5,"column":19},"end":{"line":5,"column":23}}]}},"s":{"0":1,"1":4,"2":3,"3":1,"4":2,"5":1},"f":{"0":4,"1":2},"b":{"0":[3,1],"1":[4,2]}}
,"/Users/rodrigoreis/Documents/places-api/src/test/mocks.ts": {"path":"/Users/rodrigoreis/Documents/places-api/src/test/mocks.ts","statementMap":{"0":{"start":{"line":1,"column":13},"end":{"line":140,"column":2}},"1":{"start":{"line":142,"column":13},"end":{"line":780,"column":2}}},"fnMap":{},"branchMap":{},"s":{"0":1,"1":1},"f":{},"b":{}}
,"/Users/rodrigoreis/Documents/places-api/src/utils/foursquare.ts": {"path":"/Users/rodrigoreis/Documents/places-api/src/utils/foursquare.ts","statementMap":{"0":{"start":{"line":2,"column":0},"end":{"line":2,"column":45}},"1":{"start":{"line":8,"column":0},"end":{"line":8,"column":42}},"2":{"start":{"line":9,"column":0},"end":{"line":9,"column":38}},"3":{"start":{"line":11,"column":22},"end":{"line":11,"column":50}},"4":{"start":{"line":12,"column":20},"end":{"line":12,"column":41}},"5":{"start":{"line":13,"column":26},"end":{"line":13,"column":45}},"6":{"start":{"line":14,"column":23},"end":{"line":14,"column":31}},"7":{"start":{"line":15,"column":22},"end":{"line":15,"column":24}},"8":{"start":{"line":16,"column":19},"end":{"line":16,"column":29}},"9":{"start":{"line":18,"column":23},"end":{"line":23,"column":1}},"10":{"start":{"line":19,"column":2},"end":{"line":19,"column":59}},"11":{"start":{"line":19,"column":20},"end":{"line":19,"column":59}},"12":{"start":{"line":20,"column":23},"end":{"line":20,"column":38}},"13":{"start":{"line":21,"column":2},"end":{"line":21,"column":51}},"14":{"start":{"line":21,"column":26},"end":{"line":21,"column":51}},"15":{"start":{"line":22,"column":2},"end":{"line":22,"column":22}},"16":{"start":{"line":25,"column":20},"end":{"line":43,"column":1}},"17":{"start":{"line":29,"column":17},"end":{"line":33,"column":null}},"18":{"start":{"line":35,"column":14},"end":{"line":35,"column":40}},"19":{"start":{"line":36,"column":22},"end":{"line":36,"column":52}},"20":{"start":{"line":37,"column":19},"end":{"line":37,"column":36}},"21":{"start":{"line":38,"column":2},"end":{"line":42,"column":7}},"22":{"start":{"line":39,"column":24},"end":{"line":39,"column":51}},"23":{"start":{"line":41,"column":6},"end":{"line":41,"column":60}},"24":{"start":{"line":45,"column":24},"end":{"line":51,"column":1}},"25":{"start":{"line":46,"column":19},"end":{"line":48,"column":null}},"26":{"start":{"line":50,"column":2},"end":{"line":50,"column":35}},"27":{"start":{"line":65,"column":21},"end":{"line":105,"column":1}},"28":{"start":{"line":76,"column":6},"end":{"line":76,"column":12}},"29":{"start":{"line":77,"column":2},"end":{"line":79,"column":null}},"30":{"start":{"line":78,"column":4},"end":{"line":78,"column":62}},"31":{"start":{"line":80,"column":20},"end":{"line":83,"column":4}},"32":{"start":{"line":84,"column":2},"end":{"line":86,"column":null}},"33":{"start":{"line":85,"column":4},"end":{"line":85,"column":72}},"34":{"start":{"line":87,"column":2},"end":{"line":89,"column":null}},"35":{"start":{"line":88,"column":4},"end":{"line":88,"column":33}},"36":{"start":{"line":90,"column":2},"end":{"line":92,"column":null}},"37":{"start":{"line":91,"column":4},"end":{"line":91,"column":35}},"38":{"start":{"line":93,"column":2},"end":{"line":95,"column":null}},"39":{"start":{"line":94,"column":4},"end":{"line":94,"column":55}},"40":{"start":{"line":96,"column":2},"end":{"line":98,"column":null}},"41":{"start":{"line":97,"column":4},"end":{"line":97,"column":37}},"42":{"start":{"line":99,"column":15},"end":{"line":101,"column":null}},"43":{"start":{"line":103,"column":14},"end":{"line":103,"column":45}},"44":{"start":{"line":104,"column":2},"end":{"line":104,"column":45}},"45":{"start":{"line":107,"column":0},"end":{"line":110,"column":2}}},"fnMap":{"0":{"name":"(anonymous_0)","decl":{"start":{"line":18,"column":23},"end":{"line":18,"column":28}},"loc":{"start":{"line":18,"column":67},"end":{"line":23,"column":1}}},"1":{"name":"(anonymous_1)","decl":{"start":{"line":25,"column":20},"end":{"line":25,"column":25}},"loc":{"start":{"line":28,"column":16},"end":{"line":43,"column":1}}},"2":{"name":"(anonymous_2)","decl":{"start":{"line":39,"column":10},"end":{"line":39,"column":11}},"loc":{"start":{"line":39,"column":24},"end":{"line":39,"column":51}}},"3":{"name":"(anonymous_3)","decl":{"start":{"line":40,"column":11},"end":{"line":40,"column":12}},"loc":{"start":{"line":40,"column":21},"end":{"line":42,"column":5}}},"4":{"name":"(anonymous_4)","decl":{"start":{"line":45,"column":24},"end":{"line":45,"column":29}},"loc":{"start":{"line":45,"column":77},"end":{"line":51,"column":1}}},"5":{"name":"(anonymous_5)","decl":{"start":{"line":65,"column":21},"end":{"line":65,"column":26}},"loc":{"start":{"line":67,"column":33},"end":{"line":105,"column":1}}}},"branchMap":{"0":{"loc":{"start":{"line":19,"column":2},"end":{"line":19,"column":59}},"type":"if","locations":[{"start":{"line":19,"column":2},"end":{"line":19,"column":59}},{"start":{"line":19,"column":2},"end":{"line":19,"column":59}}]},"1":{"loc":{"start":{"line":21,"column":2},"end":{"line":21,"column":51}},"type":"if","locations":[{"start":{"line":21,"column":2},"end":{"line":21,"column":51}},{"start":{"line":21,"column":2},"end":{"line":21,"column":51}}]},"2":{"loc":{"start":{"line":50,"column":27},"end":{"line":50,"column":29}},"type":"cond-expr","locations":[{"start":{"line":50,"column":27},"end":{"line":50,"column":29}},{"start":{"line":50,"column":27},"end":{"line":50,"column":34}}]},"3":{"loc":{"start":{"line":50,"column":2},"end":{"line":50,"column":29}},"type":"binary-expr","locations":[{"start":{"line":50,"column":2},"end":{"line":50,"column":29}},{"start":{"line":50,"column":27},"end":{"line":50,"column":29}}]},"4":{"loc":{"start":{"line":50,"column":17},"end":{"line":50,"column":19}},"type":"cond-expr","locations":[{"start":{"line":50,"column":17},"end":{"line":50,"column":19}},{"start":{"line":50,"column":9},"end":{"line":50,"column":27}}]},"5":{"loc":{"start":{"line":50,"column":9},"end":{"line":50,"column":19}},"type":"binary-expr","locations":[{"start":{"line":50,"column":9},"end":{"line":50,"column":19}},{"start":{"line":50,"column":9},"end":{"line":50,"column":19}}]},"6":{"loc":{"start":{"line":72,"column":13},"end":{"line":72,"column":27}},"type":"default-arg","locations":[{"start":{"line":72,"column":13},"end":{"line":72,"column":27}}]},"7":{"loc":{"start":{"line":74,"column":12},"end":{"line":74,"column":25}},"type":"default-arg","locations":[{"start":{"line":74,"column":12},"end":{"line":74,"column":25}}]},"8":{"loc":{"start":{"line":77,"column":2},"end":{"line":79,"column":null}},"type":"if","locations":[{"start":{"line":77,"column":2},"end":{"line":79,"column":null}},{"start":{"line":77,"column":2},"end":{"line":79,"column":null}}]},"9":{"loc":{"start":{"line":77,"column":7},"end":{"line":77,"column":31}},"type":"binary-expr","locations":[{"start":{"line":77,"column":7},"end":{"line":77,"column":31}},{"start":{"line":77,"column":35},"end":{"line":77,"column":59}},{"start":{"line":77,"column":64},"end":{"line":77,"column":69}}]},"10":{"loc":{"start":{"line":84,"column":2},"end":{"line":86,"column":null}},"type":"if","locations":[{"start":{"line":84,"column":2},"end":{"line":86,"column":null}},{"start":{"line":84,"column":2},"end":{"line":86,"column":null}}]},"11":{"loc":{"start":{"line":87,"column":2},"end":{"line":89,"column":null}},"type":"if","locations":[{"start":{"line":87,"column":2},"end":{"line":89,"column":null}},{"start":{"line":87,"column":2},"end":{"line":89,"column":null}}]},"12":{"loc":{"start":{"line":90,"column":2},"end":{"line":92,"column":null}},"type":"if","locations":[{"start":{"line":90,"column":2},"end":{"line":92,"column":null}},{"start":{"line":90,"column":2},"end":{"line":92,"column":null}}]},"13":{"loc":{"start":{"line":93,"column":2},"end":{"line":95,"column":null}},"type":"if","locations":[{"start":{"line":93,"column":2},"end":{"line":95,"column":null}},{"start":{"line":93,"column":2},"end":{"line":95,"column":null}}]},"14":{"loc":{"start":{"line":96,"column":2},"end":{"line":98,"column":null}},"type":"if","locations":[{"start":{"line":96,"column":2},"end":{"line":98,"column":null}},{"start":{"line":96,"column":2},"end":{"line":98,"column":null}}]},"15":{"loc":{"start":{"line":103,"column":39},"end":{"line":103,"column":43}},"type":"cond-expr","locations":[{"start":{"line":103,"column":39},"end":{"line":103,"column":43}},{"start":{"line":103,"column":43},"end":{"line":103,"column":45}}]},"16":{"loc":{"start":{"line":103,"column":14},"end":{"line":103,"column":43}},"type":"binary-expr","locations":[{"start":{"line":103,"column":14},"end":{"line":103,"column":43}},{"start":{"line":103,"column":39},"end":{"line":103,"column":43}}]},"17":{"loc":{"start":{"line":103,"column":31},"end":{"line":103,"column":33}},"type":"cond-expr","locations":[{"start":{"line":103,"column":31},"end":{"line":103,"column":33}},{"start":{"line":103,"column":31},"end":{"line":103,"column":39}}]},"18":{"loc":{"start":{"line":103,"column":14},"end":{"line":103,"column":33}},"type":"binary-expr","locations":[{"start":{"line":103,"column":14},"end":{"line":103,"column":33}},{"start":{"line":103,"column":31},"end":{"line":103,"column":33}}]},"19":{"loc":{"start":{"line":103,"column":21},"end":{"line":103,"column":23}},"type":"cond-expr","locations":[{"start":{"line":103,"column":21},"end":{"line":103,"column":23}},{"start":{"line":103,"column":17},"end":{"line":103,"column":31}}]},"20":{"loc":{"start":{"line":103,"column":17},"end":{"line":103,"column":23}},"type":"binary-expr","locations":[{"start":{"line":103,"column":17},"end":{"line":103,"column":23}},{"start":{"line":103,"column":17},"end":{"line":103,"column":23}}]}},"s":{"0":1,"1":1,"2":1,"3":1,"4":1,"5":1,"6":1,"7":1,"8":1,"9":1,"10":0,"11":0,"12":0,"13":0,"14":0,"15":0,"16":1,"17":0,"18":0,"19":0,"20":0,"21":0,"22":0,"23":0,"24":1,"25":0,"26":0,"27":1,"28":0,"29":0,"30":0,"31":0,"32":0,"33":0,"34":0,"35":0,"36":0,"37":0,"38":0,"39":0,"40":0,"41":0,"42":0,"43":0,"44":0,"45":1},"f":{"0":0,"1":0,"2":0,"3":0,"4":0,"5":0},"b":{"0":[0,0],"1":[0,0],"2":[0,0],"3":[0,0],"4":[0,0],"5":[0,0],"6":[0],"7":[0],"8":[0,0],"9":[0,0,0],"10":[0,0],"11":[0,0],"12":[0,0],"13":[0,0],"14":[0,0],"15":[0,0],"16":[0,0],"17":[0,0],"18":[0,0],"19":[0,0],"20":[0,0]}}
}
